<?xml version="1.0" encoding="UTF-8"?>
<!-- Generated by org.testng.reporters.JUnitXMLReporter -->
<testsuite ignored="0" hostname="LAPTOP-KB7KK6RH" failures="0" tests="3" name="Test" time="89.796" errors="0" timestamp="2022-03-17T12:02:03 IST">
  <testcase classname="com.qkm1.android.AndroidSample" name="test_01" time="9.345"/>
  <testcase classname="com.qkm1.android.AndroidSample" name="test_02" time="2.08"/>
  <testcase classname="com.qkm1.android.AndroidSample" name="test_03" time="4.36"/>
</testsuite> <!-- Test -->
