<?xml version="1.0" encoding="UTF-8"?>
<!-- Generated by org.testng.reporters.JUnitXMLReporter -->
<testsuite hostname="QKNBK1888" ignored="0" name="Test" tests="3" failures="0" timestamp="2021-12-04T10:47:54 IST" time="91.678" errors="0">
  <testcase name="test_01" time="9.79" classname="com.qkm1.android.AndroidSample"/>
  <testcase name="test_02" time="3.237" classname="com.qkm1.android.AndroidSample"/>
  <testcase name="test_03" time="4.387" classname="com.qkm1.android.AndroidSample"/>
</testsuite> <!-- Test -->
