<?xml version="1.0" encoding="UTF-8"?>
<testng-results skipped="0" failed="0" ignored="0" total="3" passed="3">
  <reporter-output>
  </reporter-output>
  <suite name="Suite" duration-ms="91678" started-at="2021-12-04T10:46:22 IST" finished-at="2021-12-04T10:47:54 IST">
    <groups>
    </groups>
    <test name="Test" duration-ms="91678" started-at="2021-12-04T10:46:22 IST" finished-at="2021-12-04T10:47:54 IST">
      <class name="com.qkm1.android.AndroidSample">
        <test-method status="PASS" signature="startDriver()[pri:0, instance:com.qkm1.android.AndroidSample@6f7fd0e6]" name="startDriver" is-config="true" duration-ms="73475" started-at="2021-12-04T10:46:22 IST" finished-at="2021-12-04T10:47:36 IST">
          <reporter-output>
          </reporter-output>
        </test-method> <!-- startDriver -->
        <test-method status="PASS" signature="test_01()[pri:0, instance:com.qkm1.android.AndroidSample@6f7fd0e6]" name="test_01" duration-ms="9790" started-at="2021-12-04T10:47:36 IST" finished-at="2021-12-04T10:47:46 IST">
          <reporter-output>
          </reporter-output>
        </test-method> <!-- test_01 -->
        <test-method status="PASS" signature="test_02()[pri:0, instance:com.qkm1.android.AndroidSample@6f7fd0e6]" name="test_02" duration-ms="3237" started-at="2021-12-04T10:47:46 IST" finished-at="2021-12-04T10:47:49 IST">
          <reporter-output>
          </reporter-output>
        </test-method> <!-- test_02 -->
        <test-method status="PASS" signature="test_03()[pri:0, instance:com.qkm1.android.AndroidSample@6f7fd0e6]" name="test_03" duration-ms="4387" started-at="2021-12-04T10:47:49 IST" finished-at="2021-12-04T10:47:53 IST">
          <reporter-output>
          </reporter-output>
        </test-method> <!-- test_03 -->
        <test-method status="PASS" signature="quitDriver()[pri:0, instance:com.qkm1.android.AndroidSample@6f7fd0e6]" name="quitDriver" is-config="true" duration-ms="747" started-at="2021-12-04T10:47:53 IST" finished-at="2021-12-04T10:47:54 IST">
          <reporter-output>
          </reporter-output>
        </test-method> <!-- quitDriver -->
      </class> <!-- com.qkm1.android.AndroidSample -->
    </test> <!-- Test -->
  </suite> <!-- Suite -->
</testng-results>
