<?xml version="1.0" encoding="UTF-8"?>
<testng-results ignored="0" total="3" passed="3" failed="0" skipped="0">
  <reporter-output>
  </reporter-output>
  <suite started-at="2022-03-17T12:00:33 IST" name="Suite" finished-at="2022-03-17T12:02:03 IST" duration-ms="89796">
    <groups>
    </groups>
    <test started-at="2022-03-17T12:00:33 IST" name="Test" finished-at="2022-03-17T12:02:03 IST" duration-ms="89796">
      <class name="com.qkm1.android.AndroidSample">
        <test-method is-config="true" signature="startDriver()[pri:0, instance:com.qkm1.android.AndroidSample@ba54932]" started-at="2022-03-17T12:00:33 IST" name="startDriver" finished-at="2022-03-17T12:01:47 IST" duration-ms="73612" status="PASS">
          <reporter-output>
          </reporter-output>
        </test-method> <!-- startDriver -->
        <test-method signature="test_01()[pri:0, instance:com.qkm1.android.AndroidSample@ba54932]" started-at="2022-03-17T12:01:47 IST" name="test_01" finished-at="2022-03-17T12:01:56 IST" duration-ms="9345" status="PASS">
          <reporter-output>
          </reporter-output>
        </test-method> <!-- test_01 -->
        <test-method signature="test_02()[pri:0, instance:com.qkm1.android.AndroidSample@ba54932]" started-at="2022-03-17T12:01:56 IST" name="test_02" finished-at="2022-03-17T12:01:59 IST" duration-ms="2080" status="PASS">
          <reporter-output>
          </reporter-output>
        </test-method> <!-- test_02 -->
        <test-method signature="test_03()[pri:0, instance:com.qkm1.android.AndroidSample@ba54932]" started-at="2022-03-17T12:01:59 IST" name="test_03" finished-at="2022-03-17T12:02:03 IST" duration-ms="4360" status="PASS">
          <reporter-output>
          </reporter-output>
        </test-method> <!-- test_03 -->
        <test-method is-config="true" signature="quitDriver()[pri:0, instance:com.qkm1.android.AndroidSample@ba54932]" started-at="2022-03-17T12:02:03 IST" name="quitDriver" finished-at="2022-03-17T12:02:03 IST" duration-ms="362" status="PASS">
          <reporter-output>
          </reporter-output>
        </test-method> <!-- quitDriver -->
      </class> <!-- com.qkm1.android.AndroidSample -->
    </test> <!-- Test -->
  </suite> <!-- Suite -->
</testng-results>
